This is pdfTeX, Version 3.141592653-2.6-1.40.26 (TeX Live 2024) (preloaded format=pdflatex 2024.7.22)  28 JUN 2025 15:46
entering extended mode
 restricted \write18 enabled.
 %&-line parsing enabled.
**en2_1.tex
(./en2_1.tex
LaTeX2e <2023-11-01> patch level 1
L3 programming layer <2024-02-20>
(d:/app/latex/texlive/2024/texmf-dist/tex/latex/ieeetran/IEEEtran.cls
Document Class: IEEEtran 2015/08/26 V1.8b by Michael Shell
-- See the "IEEEtran_HOWTO" manual for usage information.
-- http://www.michaelshell.org/tex/ieeetran/
\@IEEEtrantmpdimenA=\dimen140
\@IEEEtrantmpdimenB=\dimen141
\@IEEEtrantmpdimenC=\dimen142
\@IEEEtrantmpcountA=\count188
\@IEEEtrantmpcountB=\count189
\@IEEEtrantmpcountC=\count190
\@IEEEtrantmptoksA=\toks17
LaTeX Font Info:    Trying to load font information for OT1+ptm on input line 5
03.
(d:/app/latex/texlive/2024/texmf-dist/tex/latex/psnfss/ot1ptm.fd
File: ot1ptm.fd 2001/06/04 font definitions for OT1/ptm.
)
-- Using 8.5in x 11in (letter) paper.
-- Using PDF output.
\@IEEEnormalsizeunitybaselineskip=\dimen143
-- This is a 10 point document.
\CLASSINFOnormalsizebaselineskip=\dimen144
\CLASSINFOnormalsizeunitybaselineskip=\dimen145
\IEEEnormaljot=\dimen146
LaTeX Font Info:    Font shape `OT1/ptm/bx/n' in size <5> not available
(Font)              Font shape `OT1/ptm/b/n' tried instead on input line 1090.
LaTeX Font Info:    Font shape `OT1/ptm/bx/it' in size <5> not available
(Font)              Font shape `OT1/ptm/b/it' tried instead on input line 1090.

LaTeX Font Info:    Font shape `OT1/ptm/bx/n' in size <7> not available
(Font)              Font shape `OT1/ptm/b/n' tried instead on input line 1090.
LaTeX Font Info:    Font shape `OT1/ptm/bx/it' in size <7> not available
(Font)              Font shape `OT1/ptm/b/it' tried instead on input line 1090.

LaTeX Font Info:    Font shape `OT1/ptm/bx/n' in size <8> not available
(Font)              Font shape `OT1/ptm/b/n' tried instead on input line 1090.
LaTeX Font Info:    Font shape `OT1/ptm/bx/it' in size <8> not available
(Font)              Font shape `OT1/ptm/b/it' tried instead on input line 1090.

LaTeX Font Info:    Font shape `OT1/ptm/bx/n' in size <9> not available
(Font)              Font shape `OT1/ptm/b/n' tried instead on input line 1090.
LaTeX Font Info:    Font shape `OT1/ptm/bx/it' in size <9> not available
(Font)              Font shape `OT1/ptm/b/it' tried instead on input line 1090.

LaTeX Font Info:    Font shape `OT1/ptm/bx/n' in size <10> not available
(Font)              Font shape `OT1/ptm/b/n' tried instead on input line 1090.
LaTeX Font Info:    Font shape `OT1/ptm/bx/it' in size <10> not available
(Font)              Font shape `OT1/ptm/b/it' tried instead on input line 1090.

LaTeX Font Info:    Font shape `OT1/ptm/bx/n' in size <11> not available
(Font)              Font shape `OT1/ptm/b/n' tried instead on input line 1090.
LaTeX Font Info:    Font shape `OT1/ptm/bx/it' in size <11> not available
(Font)              Font shape `OT1/ptm/b/it' tried instead on input line 1090.

LaTeX Font Info:    Font shape `OT1/ptm/bx/n' in size <12> not available
(Font)              Font shape `OT1/ptm/b/n' tried instead on input line 1090.
LaTeX Font Info:    Font shape `OT1/ptm/bx/it' in size <12> not available
(Font)              Font shape `OT1/ptm/b/it' tried instead on input line 1090.

LaTeX Font Info:    Font shape `OT1/ptm/bx/n' in size <17> not available
(Font)              Font shape `OT1/ptm/b/n' tried instead on input line 1090.
LaTeX Font Info:    Font shape `OT1/ptm/bx/it' in size <17> not available
(Font)              Font shape `OT1/ptm/b/it' tried instead on input line 1090.

LaTeX Font Info:    Font shape `OT1/ptm/bx/n' in size <20> not available
(Font)              Font shape `OT1/ptm/b/n' tried instead on input line 1090.
LaTeX Font Info:    Font shape `OT1/ptm/bx/it' in size <20> not available
(Font)              Font shape `OT1/ptm/b/it' tried instead on input line 1090.

LaTeX Font Info:    Font shape `OT1/ptm/bx/n' in size <24> not available
(Font)              Font shape `OT1/ptm/b/n' tried instead on input line 1090.
LaTeX Font Info:    Font shape `OT1/ptm/bx/it' in size <24> not available
(Font)              Font shape `OT1/ptm/b/it' tried instead on input line 1090.

\IEEEquantizedlength=\dimen147
\IEEEquantizedlengthdiff=\dimen148
\IEEEquantizedtextheightdiff=\dimen149
\IEEEilabelindentA=\dimen150
\IEEEilabelindentB=\dimen151
\IEEEilabelindent=\dimen152
\IEEEelabelindent=\dimen153
\IEEEdlabelindent=\dimen154
\IEEElabelindent=\dimen155
\IEEEiednormlabelsep=\dimen156
\IEEEiedmathlabelsep=\dimen157
\IEEEiedtopsep=\skip48
\c@section=\count191
\c@subsection=\count192
\c@subsubsection=\count193
\c@paragraph=\count194
\c@IEEEsubequation=\count195
\abovecaptionskip=\skip49
\belowcaptionskip=\skip50
\c@figure=\count196
\c@table=\count197
\@IEEEeqnnumcols=\count198
\@IEEEeqncolcnt=\count199
\@IEEEsubeqnnumrollback=\count266
\@IEEEquantizeheightA=\dimen158
\@IEEEquantizeheightB=\dimen159
\@IEEEquantizeheightC=\dimen160
\@IEEEquantizeprevdepth=\dimen161
\@IEEEquantizemultiple=\count267
\@IEEEquantizeboxA=\box51
\@IEEEtmpitemindent=\dimen162
\IEEEPARstartletwidth=\dimen163
\c@IEEEbiography=\count268
\@IEEEtranrubishbin=\box52
)
** ATTENTION: Overriding command lockouts (line 2).
(d:/app/latex/texlive/2024/texmf-dist/tex/latex/biblatex/biblatex.sty
Package: biblatex 2023/03/05 v3.19 programmable bibliographies (PK/MW)

(d:/app/latex/texlive/2024/texmf-dist/tex/generic/pdftexcmds/pdftexcmds.sty
Package: pdftexcmds 2020-06-27 v0.33 Utility functions of pdfTeX for LuaTeX (HO
)

(d:/app/latex/texlive/2024/texmf-dist/tex/generic/infwarerr/infwarerr.sty
Package: infwarerr 2019/12/03 v1.5 Providing info/warning/error messages (HO)
)
(d:/app/latex/texlive/2024/texmf-dist/tex/generic/iftex/iftex.sty
Package: iftex 2022/02/03 v1.0f TeX engine tests
)
(d:/app/latex/texlive/2024/texmf-dist/tex/generic/ltxcmds/ltxcmds.sty
Package: ltxcmds 2023-12-04 v1.26 LaTeX kernel commands for general use (HO)
)
Package pdftexcmds Info: \pdf@primitive is available.
Package pdftexcmds Info: \pdf@ifprimitive is available.
Package pdftexcmds Info: \pdfdraftmode found.
)
(d:/app/latex/texlive/2024/texmf-dist/tex/latex/etoolbox/etoolbox.sty
Package: etoolbox 2020/10/05 v2.5k e-TeX tools for LaTeX (JAW)
\etb@tempcnta=\count269
)
(d:/app/latex/texlive/2024/texmf-dist/tex/latex/graphics/keyval.sty
Package: keyval 2022/05/29 v1.15 key=value parser (DPC)
\KV@toks@=\toks18
)
(d:/app/latex/texlive/2024/texmf-dist/tex/latex/kvoptions/kvoptions.sty
Package: kvoptions 2022-06-15 v3.15 Key value format for package options (HO)

(d:/app/latex/texlive/2024/texmf-dist/tex/latex/kvsetkeys/kvsetkeys.sty
Package: kvsetkeys 2022-10-05 v1.19 Key value parser (HO)
))
(d:/app/latex/texlive/2024/texmf-dist/tex/latex/logreq/logreq.sty
Package: logreq 2010/08/04 v1.0 xml request logger
\lrq@indent=\count270

(d:/app/latex/texlive/2024/texmf-dist/tex/latex/logreq/logreq.def
File: logreq.def 2010/08/04 v1.0 logreq spec v1.0
))
(d:/app/latex/texlive/2024/texmf-dist/tex/latex/base/ifthen.sty
Package: ifthen 2022/04/13 v1.1d Standard LaTeX ifthen package (DPC)
)
(d:/app/latex/texlive/2024/texmf-dist/tex/latex/url/url.sty
\Urlmuskip=\muskip16
Package: url 2013/09/16  ver 3.4  Verb mode for urls, etc.
)
\c@tabx@nest=\count271
\c@listtotal=\count272
\c@listcount=\count273
\c@liststart=\count274
\c@liststop=\count275
\c@citecount=\count276
\c@citetotal=\count277
\c@multicitecount=\count278
\c@multicitetotal=\count279
\c@instcount=\count280
\c@maxnames=\count281
\c@minnames=\count282
\c@maxitems=\count283
\c@minitems=\count284
\c@citecounter=\count285
\c@maxcitecounter=\count286
\c@savedcitecounter=\count287
\c@uniquelist=\count288
\c@uniquename=\count289
\c@refsection=\count290
\c@refsegment=\count291
\c@maxextratitle=\count292
\c@maxextratitleyear=\count293
\c@maxextraname=\count294
\c@maxextradate=\count295
\c@maxextraalpha=\count296
\c@abbrvpenalty=\count297
\c@highnamepenalty=\count298
\c@lownamepenalty=\count299
\c@maxparens=\count300
\c@parenlevel=\count301
\blx@tempcnta=\count302
\blx@tempcntb=\count303
\blx@tempcntc=\count304
\c@blx@maxsection=\count305
\blx@maxsegment@0=\count306
\blx@notetype=\count307
\blx@parenlevel@text=\count308
\blx@parenlevel@foot=\count309
\blx@sectionciteorder@0=\count310
\blx@sectionciteorderinternal@0=\count311
\blx@entrysetcounter=\count312
\blx@biblioinstance=\count313
\labelnumberwidth=\skip51
\labelalphawidth=\skip52
\biblabelsep=\skip53
\bibitemsep=\skip54
\bibnamesep=\skip55
\bibinitsep=\skip56
\bibparsep=\skip57
\bibhang=\skip58
\blx@bcfin=\read2
\blx@bcfout=\write3
\blx@langwohyphens=\language89
\c@mincomprange=\count314
\c@maxcomprange=\count315
\c@mincompwidth=\count316
Package biblatex Info: Trying to load biblatex default data model...
Package biblatex Info: ... file 'blx-dm.def' found.

(d:/app/latex/texlive/2024/texmf-dist/tex/latex/biblatex/blx-dm.def
File: blx-dm.def 2023/03/05 v3.19 biblatex localization (PK/MW)
)
Package biblatex Info: Trying to load biblatex style data model...
Package biblatex Info: ... file 'ieee.dbx' not found.
Package biblatex Info: Trying to load biblatex custom data model...
Package biblatex Info: ... file 'biblatex-dm.cfg' not found.
\c@afterword=\count317
\c@savedafterword=\count318
\c@annotator=\count319
\c@savedannotator=\count320
\c@author=\count321
\c@savedauthor=\count322
\c@bookauthor=\count323
\c@savedbookauthor=\count324
\c@commentator=\count325
\c@savedcommentator=\count326
\c@editor=\count327
\c@savededitor=\count328
\c@editora=\count329
\c@savededitora=\count330
\c@editorb=\count331
\c@savededitorb=\count332
\c@editorc=\count333
\c@savededitorc=\count334
\c@foreword=\count335
\c@savedforeword=\count336
\c@holder=\count337
\c@savedholder=\count338
\c@introduction=\count339
\c@savedintroduction=\count340
\c@namea=\count341
\c@savednamea=\count342
\c@nameb=\count343
\c@savednameb=\count344
\c@namec=\count345
\c@savednamec=\count346
\c@translator=\count347
\c@savedtranslator=\count348
\c@shortauthor=\count349
\c@savedshortauthor=\count350
\c@shorteditor=\count351
\c@savedshorteditor=\count352
\c@labelname=\count353
\c@savedlabelname=\count354
\c@institution=\count355
\c@savedinstitution=\count356
\c@lista=\count357
\c@savedlista=\count358
\c@listb=\count359
\c@savedlistb=\count360
\c@listc=\count361
\c@savedlistc=\count362
\c@listd=\count363
\c@savedlistd=\count364
\c@liste=\count365
\c@savedliste=\count366
\c@listf=\count367
\c@savedlistf=\count368
\c@location=\count369
\c@savedlocation=\count370
\c@organization=\count371
\c@savedorganization=\count372
\c@origlocation=\count373
\c@savedoriglocation=\count374
\c@origpublisher=\count375
\c@savedorigpublisher=\count376
\c@publisher=\count377
\c@savedpublisher=\count378
\c@language=\count379
\c@savedlanguage=\count380
\c@origlanguage=\count381
\c@savedoriglanguage=\count382
\c@pageref=\count383
\c@savedpageref=\count384
\shorthandwidth=\skip59
\shortjournalwidth=\skip60
\shortserieswidth=\skip61
\shorttitlewidth=\skip62
\shortauthorwidth=\skip63
\shorteditorwidth=\skip64
\locallabelnumberwidth=\skip65
\locallabelalphawidth=\skip66
\localshorthandwidth=\skip67
\localshortjournalwidth=\skip68
\localshortserieswidth=\skip69
\localshorttitlewidth=\skip70
\localshortauthorwidth=\skip71
\localshorteditorwidth=\skip72
Package biblatex Info: Trying to load compatibility code...
Package biblatex Info: ... file 'blx-compat.def' found.

(d:/app/latex/texlive/2024/texmf-dist/tex/latex/biblatex/blx-compat.def
File: blx-compat.def 2023/03/05 v3.19 biblatex compatibility (PK/MW)
)
Package biblatex Info: Trying to load generic definitions...
Package biblatex Info: ... file 'biblatex.def' found.

(d:/app/latex/texlive/2024/texmf-dist/tex/latex/biblatex/biblatex.def
File: biblatex.def 2023/03/05 v3.19 biblatex compatibility (PK/MW)
\c@textcitecount=\count385
\c@textcitetotal=\count386
\c@textcitemaxnames=\count387
\c@biburlbigbreakpenalty=\count388
\c@biburlbreakpenalty=\count389
\c@biburlnumpenalty=\count390
\c@biburlucpenalty=\count391
\c@biburllcpenalty=\count392
\biburlbigskip=\muskip17
\biburlnumskip=\muskip18
\biburlucskip=\muskip19
\biburllcskip=\muskip20
\c@smartand=\count393
)
Package biblatex Info: Trying to load bibliography style 'ieee'...
Package biblatex Info: ... file 'ieee.bbx' found.

(d:/app/latex/texlive/2024/texmf-dist/tex/latex/biblatex-ieee/ieee.bbx
File: ieee.bbx 2021/12/06 v1.3f biblatex bibliography style
Package biblatex Info: Trying to load bibliography style 'numeric-comp'...
Package biblatex Info: ... file 'numeric-comp.bbx' found.

(d:/app/latex/texlive/2024/texmf-dist/tex/latex/biblatex/bbx/numeric-comp.bbx
File: numeric-comp.bbx 2023/03/05 v3.19 biblatex bibliography style (PK/MW)
Package biblatex Info: Trying to load bibliography style 'numeric'...
Package biblatex Info: ... file 'numeric.bbx' found.

(d:/app/latex/texlive/2024/texmf-dist/tex/latex/biblatex/bbx/numeric.bbx
File: numeric.bbx 2023/03/05 v3.19 biblatex bibliography style (PK/MW)
Package biblatex Info: Trying to load bibliography style 'standard'...
Package biblatex Info: ... file 'standard.bbx' found.

(d:/app/latex/texlive/2024/texmf-dist/tex/latex/biblatex/bbx/standard.bbx
File: standard.bbx 2023/03/05 v3.19 biblatex bibliography style (PK/MW)
\c@bbx:relatedcount=\count394
\c@bbx:relatedtotal=\count395
))))
Package biblatex Info: Trying to load citation style 'numeric'...
Package biblatex Info: ... file 'numeric.cbx' found.

(d:/app/latex/texlive/2024/texmf-dist/tex/latex/biblatex/cbx/numeric.cbx
File: numeric.cbx 2023/03/05 v3.19 biblatex citation style (PK/MW)
Package biblatex Info: Redefining '\cite'.
Package biblatex Info: Redefining '\parencite'.
Package biblatex Info: Redefining '\footcite'.
Package biblatex Info: Redefining '\footcitetext'.
Package biblatex Info: Redefining '\smartcite'.
Package biblatex Info: Redefining '\supercite'.
Package biblatex Info: Redefining '\textcite'.
Package biblatex Info: Redefining '\textcites'.
Package biblatex Info: Redefining '\cites'.
Package biblatex Info: Redefining '\parencites'.
Package biblatex Info: Redefining '\smartcites'.
)
Package biblatex Info: Trying to load configuration file...
Package biblatex Info: ... file 'biblatex.cfg' found.

(d:/app/latex/texlive/2024/texmf-dist/tex/latex/biblatex/biblatex.cfg
File: biblatex.cfg 
)
Package biblatex Info: Input encoding 'utf8' detected.
Package biblatex Info: Document encoding is UTF8 ....

(d:/app/latex/texlive/2024/texmf-dist/tex/latex/l3kernel/expl3.sty
Package: expl3 2024-02-20 L3 programming layer (loader) 

(d:/app/latex/texlive/2024/texmf-dist/tex/latex/l3backend/l3backend-pdftex.def
File: l3backend-pdftex.def 2024-02-20 L3 backend support: PDF output (pdfTeX)
\l__color_backend_stack_int=\count396
\l__pdf_internal_box=\box53
))
Package biblatex Info: ... and expl3
(biblatex)             2024-02-20 L3 programming layer (loader) 
(biblatex)             is new enough (at least 2020/04/06),
(biblatex)             setting 'casechanger=expl3'.
 (d:/app/latex/texlive/2024/texmf-dist/tex/latex/biblatex/blx-case-expl3.sty
(d:/app/latex/texlive/2024/texmf-dist/tex/latex/l3packages/xparse/xparse.sty
Package: xparse 2024-02-18 L3 Experimental document command parser
)
Package: blx-case-expl3 2023/03/05 v3.19 expl3 case changing code for biblatex
)) (d:/app/latex/texlive/2024/texmf-dist/tex/latex/amsmath/amsmath.sty
Package: amsmath 2023/05/13 v2.17o AMS math features
\@mathmargin=\skip73

For additional information on amsmath, use the `?' option.
(d:/app/latex/texlive/2024/texmf-dist/tex/latex/amsmath/amstext.sty
Package: amstext 2021/08/26 v2.01 AMS text

(d:/app/latex/texlive/2024/texmf-dist/tex/latex/amsmath/amsgen.sty
File: amsgen.sty 1999/11/30 v2.0 generic functions
\@emptytoks=\toks19
\ex@=\dimen164
))
(d:/app/latex/texlive/2024/texmf-dist/tex/latex/amsmath/amsbsy.sty
Package: amsbsy 1999/11/29 v1.2d Bold Symbols
\pmbraise@=\dimen165
)
(d:/app/latex/texlive/2024/texmf-dist/tex/latex/amsmath/amsopn.sty
Package: amsopn 2022/04/08 v2.04 operator names
)
\inf@bad=\count397
LaTeX Info: Redefining \frac on input line 234.
\uproot@=\count398
\leftroot@=\count399
LaTeX Info: Redefining \overline on input line 399.
LaTeX Info: Redefining \colon on input line 410.
\classnum@=\count400
\DOTSCASE@=\count401
LaTeX Info: Redefining \ldots on input line 496.
LaTeX Info: Redefining \dots on input line 499.
LaTeX Info: Redefining \cdots on input line 620.
\Mathstrutbox@=\box54
\strutbox@=\box55
LaTeX Info: Redefining \big on input line 722.
LaTeX Info: Redefining \Big on input line 723.
LaTeX Info: Redefining \bigg on input line 724.
LaTeX Info: Redefining \Bigg on input line 725.
\big@size=\dimen166
LaTeX Font Info:    Redeclaring font encoding OML on input line 743.
LaTeX Font Info:    Redeclaring font encoding OMS on input line 744.
\macc@depth=\count402
LaTeX Info: Redefining \bmod on input line 905.
LaTeX Info: Redefining \pmod on input line 910.
LaTeX Info: Redefining \smash on input line 940.
LaTeX Info: Redefining \relbar on input line 970.
LaTeX Info: Redefining \Relbar on input line 971.
\c@MaxMatrixCols=\count403
\dotsspace@=\muskip21
\c@parentequation=\count404
\dspbrk@lvl=\count405
\tag@help=\toks20
\row@=\count406
\column@=\count407
\maxfields@=\count408
\andhelp@=\toks21
\eqnshift@=\dimen167
\alignsep@=\dimen168
\tagshift@=\dimen169
\tagwidth@=\dimen170
\totwidth@=\dimen171
\lineht@=\dimen172
\@envbody=\toks22
\multlinegap=\skip74
\multlinetaggap=\skip75
\mathdisplay@stack=\toks23
LaTeX Info: Redefining \[ on input line 2953.
LaTeX Info: Redefining \] on input line 2954.
)
(d:/app/latex/texlive/2024/texmf-dist/tex/latex/amsfonts/amssymb.sty
Package: amssymb 2013/01/14 v3.01 AMS font symbols

(d:/app/latex/texlive/2024/texmf-dist/tex/latex/amsfonts/amsfonts.sty
Package: amsfonts 2013/01/14 v3.01 Basic AMSFonts support
\symAMSa=\mathgroup4
\symAMSb=\mathgroup5
LaTeX Font Info:    Redeclaring math symbol \hbar on input line 98.
LaTeX Font Info:    Overwriting math alphabet `\mathfrak' in version `bold'
(Font)                  U/euf/m/n --> U/euf/b/n on input line 106.
))
(d:/app/latex/texlive/2024/texmf-dist/tex/latex/algorithms/algorithmic.sty
Package: algorithmic 2009/08/24 v0.1 Document Style `algorithmic'
\c@ALC@unique=\count409
\c@ALC@line=\count410
\c@ALC@rem=\count411
\c@ALC@depth=\count412
\ALC@tlm=\skip76
\algorithmicindent=\skip77
)
(d:/app/latex/texlive/2024/texmf-dist/tex/latex/graphics/graphicx.sty
Package: graphicx 2021/09/16 v1.2d Enhanced LaTeX Graphics (DPC,SPQR)

(d:/app/latex/texlive/2024/texmf-dist/tex/latex/graphics/graphics.sty
Package: graphics 2022/03/10 v1.4e Standard LaTeX Graphics (DPC,SPQR)

(d:/app/latex/texlive/2024/texmf-dist/tex/latex/graphics/trig.sty
Package: trig 2021/08/11 v1.11 sin cos tan (DPC)
)
(d:/app/latex/texlive/2024/texmf-dist/tex/latex/graphics-cfg/graphics.cfg
File: graphics.cfg 2016/06/04 v1.11 sample graphics configuration
)
Package graphics Info: Driver file: pdftex.def on input line 107.

(d:/app/latex/texlive/2024/texmf-dist/tex/latex/graphics-def/pdftex.def
File: pdftex.def 2022/09/22 v1.2b Graphics/color driver for pdftex
))
\Gin@req@height=\dimen173
\Gin@req@width=\dimen174
)
(d:/app/latex/texlive/2024/texmf-dist/tex/latex/base/textcomp.sty
Package: textcomp 2020/02/02 v2.0n Standard LaTeX package
)
(d:/app/latex/texlive/2024/texmf-dist/tex/latex/xcolor/xcolor.sty
Package: xcolor 2023/11/15 v3.01 LaTeX color extensions (UK)

(d:/app/latex/texlive/2024/texmf-dist/tex/latex/graphics-cfg/color.cfg
File: color.cfg 2016/01/02 v1.6 sample color configuration
)
Package xcolor Info: Driver file: pdftex.def on input line 274.

(d:/app/latex/texlive/2024/texmf-dist/tex/latex/graphics/mathcolor.ltx)
Package xcolor Info: Model `cmy' substituted by `cmy0' on input line 1350.
Package xcolor Info: Model `hsb' substituted by `rgb' on input line 1354.
Package xcolor Info: Model `RGB' extended on input line 1366.
Package xcolor Info: Model `HTML' substituted by `rgb' on input line 1368.
Package xcolor Info: Model `Hsb' substituted by `hsb' on input line 1369.
Package xcolor Info: Model `tHsb' substituted by `hsb' on input line 1370.
Package xcolor Info: Model `HSB' substituted by `hsb' on input line 1371.
Package xcolor Info: Model `Gray' substituted by `gray' on input line 1372.
Package xcolor Info: Model `wave' substituted by `hsb' on input line 1373.
)
(d:/app/latex/texlive/2024/texmf-dist/tex/latex/booktabs/booktabs.sty
Package: booktabs 2020/01/12 v1.61803398 Publication quality tables
\heavyrulewidth=\dimen175
\lightrulewidth=\dimen176
\cmidrulewidth=\dimen177
\belowrulesep=\dimen178
\belowbottomsep=\dimen179
\aboverulesep=\dimen180
\abovetopsep=\dimen181
\cmidrulesep=\dimen182
\cmidrulekern=\dimen183
\defaultaddspace=\dimen184
\@cmidla=\count413
\@cmidlb=\count414
\@aboverulesep=\dimen185
\@belowrulesep=\dimen186
\@thisruleclass=\count415
\@lastruleclass=\count416
\@thisrulewidth=\dimen187
)
(d:/app/latex/texlive/2024/texmf-dist/tex/latex/multirow/multirow.sty
Package: multirow 2021/03/15 v2.8 Span multiple rows of a table
\multirow@colwidth=\skip78
\multirow@cntb=\count417
\multirow@dima=\skip79
\bigstrutjot=\dimen188
)
(d:/app/latex/texlive/2024/texmf-dist/tex/latex/subfigure/subfigure.sty
Package: subfigure 2002/03/15 v2.1.5 subfigure package
\subfigtopskip=\skip80
\subfigcapskip=\skip81
\subfigcaptopadj=\dimen189
\subfigbottomskip=\skip82
\subfigcapmargin=\dimen190
\subfiglabelskip=\skip83
\c@subfigure=\count418
\c@lofdepth=\count419
\c@subtable=\count420
\c@lotdepth=\count421

****************************************
* Local config file subfigure.cfg used *
****************************************
(d:/app/latex/texlive/2024/texmf-dist/tex/latex/subfigure/subfigure.cfg)
\subfig@top=\skip84
\subfig@bottom=\skip85
)
(d:/app/latex/texlive/2024/texmf-dist/tex/latex/makecell/makecell.sty
Package: makecell 2009/08/03 V0.1e Managing of Tab Column Heads and Cells

(d:/app/latex/texlive/2024/texmf-dist/tex/latex/tools/array.sty
Package: array 2023/10/16 v2.5g Tabular extension package (FMi)
\col@sep=\dimen191
\ar@mcellbox=\box56
\extrarowheight=\dimen192
\NC@list=\toks24
\extratabsurround=\skip86
\backup@length=\skip87
\ar@cellbox=\box57
)
\rotheadsize=\dimen193
\c@nlinenum=\count422
\TeXr@lab=\toks25
)
(d:/app/latex/texlive/2024/texmf-dist/tex/latex/threeparttable/threeparttable.s
ty
Package: threeparttable 2003/06/13  v 3.0
\@tempboxb=\box58
)
\@quotelevel=\count423
\@quotereset=\count424
 (./en2_1.aux)
\openout1 = `en2_1.aux'.

LaTeX Font Info:    Checking defaults for OML/cmm/m/it on input line 27.
LaTeX Font Info:    ... okay on input line 27.
LaTeX Font Info:    Checking defaults for OMS/cmsy/m/n on input line 27.
LaTeX Font Info:    ... okay on input line 27.
LaTeX Font Info:    Checking defaults for OT1/cmr/m/n on input line 27.
LaTeX Font Info:    ... okay on input line 27.
LaTeX Font Info:    Checking defaults for T1/cmr/m/n on input line 27.
LaTeX Font Info:    ... okay on input line 27.
LaTeX Font Info:    Checking defaults for TS1/cmr/m/n on input line 27.
LaTeX Font Info:    ... okay on input line 27.
LaTeX Font Info:    Checking defaults for OMX/cmex/m/n on input line 27.
LaTeX Font Info:    ... okay on input line 27.
LaTeX Font Info:    Checking defaults for U/cmr/m/n on input line 27.
LaTeX Font Info:    ... okay on input line 27.

-- Lines per column: 56 (exact).
Package biblatex Info: Trying to load language 'english'...
Package biblatex Info: ... file 'english.lbx' found.
(d:/app/latex/texlive/2024/texmf-dist/tex/latex/biblatex/lbx/english.lbx
File: english.lbx 2023/03/05 v3.19 biblatex localization (PK/MW)
)
Package biblatex Info: Input encoding 'utf8' detected.
Package biblatex Info: Automatic encoding selection.
(biblatex)             Assuming data encoding 'utf8'.
\openout3 = `en2_1.bcf'.

Package biblatex Info: Trying to load bibliographic data...
Package biblatex Info: ... file 'en2_1.bbl' found.

(./en2_1.bbl)
Package biblatex Info: Reference section=0 on input line 27.
Package biblatex Info: Reference segment=0 on input line 27.

(d:/app/latex/texlive/2024/texmf-dist/tex/context/base/mkii/supp-pdf.mkii
[Loading MPS to PDF converter (version 2006.09.02).]
\scratchcounter=\count425
\scratchdimen=\dimen194
\scratchbox=\box59
\nofMPsegments=\count426
\nofMParguments=\count427
\everyMPshowfont=\toks26
\MPscratchCnt=\count428
\MPscratchDim=\dimen195
\MPnumerator=\count429
\makeMPintoPDFobject=\count430
\everyMPtoPDFconversion=\toks27
)
(d:/app/latex/texlive/2024/texmf-dist/tex/latex/epstopdf-pkg/epstopdf-base.sty
Package: epstopdf-base 2020-01-24 v2.11 Base part for package epstopdf
Package epstopdf-base Info: Redefining graphics rule for `.eps' on input line 4
85.

(d:/app/latex/texlive/2024/texmf-dist/tex/latex/latexconfig/epstopdf-sys.cfg
File: epstopdf-sys.cfg 2010/07/13 v1.3 Configuration of (r)epstopdf for TeX Liv
e
))
LaTeX Font Info:    Trying to load font information for U+msa on input line 55.


(d:/app/latex/texlive/2024/texmf-dist/tex/latex/amsfonts/umsa.fd
File: umsa.fd 2013/01/14 v3.01 AMS symbols A
)
LaTeX Font Info:    Trying to load font information for U+msb on input line 55.


(d:/app/latex/texlive/2024/texmf-dist/tex/latex/amsfonts/umsb.fd
File: umsb.fd 2013/01/14 v3.01 AMS symbols B
)
Underfull \hbox (badness 1968) in paragraph at lines 58--60
[]\OT1/ptm/b/it/9 Index Terms\OT1/ptm/b/n/9 ---Automatic Mod-u-la-tion Clas-si-
fi-ca-tion, Deep
 []

[1{d:/app/latex/texlive/2024/texmf-var/fonts/map/pdftex/updmap/pdftex.map}{d:/a
pp/latex/texlive/2024/texmf-dist/fonts/enc/dvips/base/8r.enc}


]
<figure/data_processing_pipeline.png, id=10, 1293.633pt x 447.5922pt>
File: figure/data_processing_pipeline.png Graphic file (type png)
<use figure/data_processing_pipeline.png>
Package pdftex.def Info: figure/data_processing_pipeline.png  used on input lin
e 147.
(pdftex.def)             Requested size: 464.39685pt x 160.67548pt.
 [2] [3 <./figure/data_processing_pipeline.png>]
<figure/constellation.png, id=27, 1157.7654pt x 849.1725pt>
File: figure/constellation.png Graphic file (type png)
<use figure/constellation.png>
Package pdftex.def Info: figure/constellation.png  used on input line 233.
(pdftex.def)             Requested size: 232.19843pt x 170.29794pt.


pdfTeX warning: pdflatex.exe (file ./figure/lightweight_hybrid_model.pdf): PDF 
inclusion: found PDF version <1.7>, but at most version <1.5> allowed
<figure/lightweight_hybrid_model.pdf, id=28, 2165.08875pt x 178.6675pt>
File: figure/lightweight_hybrid_model.pdf Graphic file (type pdf)
<use figure/lightweight_hybrid_model.pdf>
Package pdftex.def Info: figure/lightweight_hybrid_model.pdf  used on input lin
e 251.
(pdftex.def)             Requested size: 438.60315pt x 36.19359pt.
[4 <./figure/constellation.png>]
LaTeX Font Info:    Trying to load font information for TS1+ptm on input line 2
59.

(d:/app/latex/texlive/2024/texmf-dist/tex/latex/psnfss/ts1ptm.fd
File: ts1ptm.fd 2001/06/04 font definitions for TS1/ptm.
)
<figure/enhanced_hybrid_model.pdf, id=35, 1229.4863pt x 404.13184pt>
File: figure/enhanced_hybrid_model.pdf Graphic file (type pdf)
<use figure/enhanced_hybrid_model.pdf>
Package pdftex.def Info: figure/enhanced_hybrid_model.pdf  used on input line 2
73.
(pdftex.def)             Requested size: 464.39685pt x 152.6467pt.
 [5 <./figure/lightweight_hybrid_model.pdf>] [6 <./figure/enhanced_hybrid_model
.pdf>]
<figure/snr_performance_comparison.pdf, id=94, 1293.60732pt x 570.17455pt>
File: figure/snr_performance_comparison.pdf Graphic file (type pdf)
<use figure/snr_performance_comparison.pdf>
Package pdftex.def Info: figure/snr_performance_comparison.pdf  used on input l
ine 450.
(pdftex.def)             Requested size: 232.19843pt x 102.33987pt.
<figure/baseline_model_comparison.pdf, id=95, 859.85051pt x 570.64536pt>
File: figure/baseline_model_comparison.pdf Graphic file (type pdf)
<use figure/baseline_model_comparison.pdf>
Package pdftex.def Info: figure/baseline_model_comparison.pdf  used on input li
ne 461.
(pdftex.def)             Requested size: 232.19843pt x 154.09372pt.

[7 <./figure/snr_performance_comparison.pdf> <./figure/baseline_model_compariso
n.pdf>]
<figure/constellation_denoising.png, id=280, 1717.1352pt x 570.2103pt>
File: figure/constellation_denoising.png Graphic file (type png)
<use figure/constellation_denoising.png>
Package pdftex.def Info: figure/constellation_denoising.png  used on input line
 497.
(pdftex.def)             Requested size: 232.19843pt x 77.10558pt.
<figure/QAM16_rotation.png, id=281, 758.835pt x 641.0349pt>
File: figure/QAM16_rotation.png Graphic file (type png)
<use figure/QAM16_rotation.png>
Package pdftex.def Info: figure/QAM16_rotation.png  used on input line 613.
(pdftex.def)             Requested size: 232.19843pt x 196.14626pt.
 [8 <./figure/constellation_denoising.png>]
Underfull \hbox (badness 6675) in paragraph at lines 624--625
[]\OT1/ptm/m/n/10 The pro-posed hy-brid ComplexCNN-ResNet ar-chi-tec-
 []

<figure/sorted_stacked_comparison.png, id=287, 1148.6112pt x 714.0276pt>
File: figure/sorted_stacked_comparison.png Graphic file (type png)
<use figure/sorted_stacked_comparison.png>
Package pdftex.def Info: figure/sorted_stacked_comparison.png  used on input li
ne 634.
(pdftex.def)             Requested size: 232.19843pt x 144.3392pt.
<figure/validation_accuracy_convergence.pdf, id=288, 711.00507pt x 421.575pt>
File: figure/validation_accuracy_convergence.pdf Graphic file (type pdf)
<use figure/validation_accuracy_convergence.pdf>
Package pdftex.def Info: figure/validation_accuracy_convergence.pdf  used on in
put line 660.
(pdftex.def)             Requested size: 232.19843pt x 137.6728pt.
[9 <./figure/QAM16_rotation.png> <./figure/sorted_stacked_comparison.png>]
<figure/stacked_ablation_analysis.pdf, id=294, 1004.425pt x 570.06476pt>
File: figure/stacked_ablation_analysis.pdf Graphic file (type pdf)
<use figure/stacked_ablation_analysis.pdf>
Package pdftex.def Info: figure/stacked_ablation_analysis.pdf  used on input li
ne 710.
(pdftex.def)             Requested size: 232.19843pt x 131.78192pt.

[10 <./figure/validation_accuracy_convergence.pdf>]
Underfull \hbox (badness 5091) in paragraph at lines 743--744
\OT1/ptm/m/n/10 achieved a clas-si-fi-ca-tion ac-cu-racy of 65.38% on the
 []

[11 <./figure/stacked_ablation_analysis.pdf>]
Underfull \hbox (badness 4291) in paragraph at lines 762--763
\OT1/ptm/m/n/10 ing at-ten-tion mech-a-nisms into the cur-rent hy-brid
 []


Underfull \hbox (badness 3250) in paragraph at lines 762--763
\OT1/ptm/m/n/10 ComplexCNN-ResNet ar-chi-tec-ture. By al-low-ing the
 []

[12]

** Conference Paper **
Before submitting the final camera ready copy, remember to:

 1. Manually equalize the lengths of two columns on the last page
 of your paper;

 2. Ensure that any PostScript and/or PDF output post-processing
 uses only Type 1 fonts and that every step in the generation
 process uses the appropriate paper size.

[13] (./en2_1.aux)
 ***********
LaTeX2e <2023-11-01> patch level 1
L3 programming layer <2024-02-20>
 ***********
Package logreq Info: Writing requests to 'en2_1.run.xml'.
\openout1 = `en2_1.run.xml'.

 ) 
Here is how much of TeX's memory you used:
 12971 strings out of 474116
 240181 string characters out of 5742687
 1953190 words of memory out of 5000000
 35167 multiletter control sequences out of 15000+600000
 603321 words of font info for 124 fonts, out of 8000000 for 9000
 1141 hyphenation exceptions out of 8191
 66i,17n,81p,1306b,1497s stack positions out of 10000i,1000n,20000p,200000b,200000s
<d:/app/latex/texlive/2024/texmf-dist/fonts/type1/public/amsfonts/cm/cmbx10.p
fb><d:/app/latex/texlive/2024/texmf-dist/fonts/type1/public/amsfonts/cm/cmbx12.
pfb><d:/app/latex/texlive/2024/texmf-dist/fonts/type1/public/amsfonts/cm/cmbx8.
pfb><d:/app/latex/texlive/2024/texmf-dist/fonts/type1/public/amsfonts/cm/cmbx9.
pfb><d:/app/latex/texlive/2024/texmf-dist/fonts/type1/public/amsfonts/cm/cmex10
.pfb><d:/app/latex/texlive/2024/texmf-dist/fonts/type1/public/amsfonts/cm/cmmi1
0.pfb><d:/app/latex/texlive/2024/texmf-dist/fonts/type1/public/amsfonts/cm/cmmi
5.pfb><d:/app/latex/texlive/2024/texmf-dist/fonts/type1/public/amsfonts/cm/cmmi
6.pfb><d:/app/latex/texlive/2024/texmf-dist/fonts/type1/public/amsfonts/cm/cmmi
7.pfb><d:/app/latex/texlive/2024/texmf-dist/fonts/type1/public/amsfonts/cm/cmr1
0.pfb><d:/app/latex/texlive/2024/texmf-dist/fonts/type1/public/amsfonts/cm/cmr5
.pfb><d:/app/latex/texlive/2024/texmf-dist/fonts/type1/public/amsfonts/cm/cmr7.
pfb><d:/app/latex/texlive/2024/texmf-dist/fonts/type1/public/amsfonts/cm/cmr8.p
fb><d:/app/latex/texlive/2024/texmf-dist/fonts/type1/public/amsfonts/cm/cmr9.pf
b><d:/app/latex/texlive/2024/texmf-dist/fonts/type1/public/amsfonts/cm/cmsy10.p
fb><d:/app/latex/texlive/2024/texmf-dist/fonts/type1/public/amsfonts/cm/cmsy7.p
fb><d:/app/latex/texlive/2024/texmf-dist/fonts/type1/public/amsfonts/cm/cmsy8.p
fb><d:/app/latex/texlive/2024/texmf-dist/fonts/type1/public/amsfonts/symbols/ms
am10.pfb><d:/app/latex/texlive/2024/texmf-dist/fonts/type1/public/amsfonts/symb
ols/msbm10.pfb><d:/app/latex/texlive/2024/texmf-dist/fonts/type1/public/cm-supe
r/sfbx0800.pfb><d:/app/latex/texlive/2024/texmf-dist/fonts/type1/urw/times/utmb
8a.pfb><d:/app/latex/texlive/2024/texmf-dist/fonts/type1/urw/times/utmbi8a.pfb>
<d:/app/latex/texlive/2024/texmf-dist/fonts/type1/urw/times/utmr8a.pfb><d:/app/
latex/texlive/2024/texmf-dist/fonts/type1/urw/times/utmri8a.pfb>
Output written on en2_1.pdf (13 pages, 1718032 bytes).
PDF statistics:
 555 PDF objects out of 1000 (max. 8388607)
 164 compressed objects within 2 object streams
 0 named destinations out of 1000 (max. 500000)
 56 words of extra memory for PDF output out of 10000 (max. 10000000)

